Ruby LSP> Running bundle install for the custom bundle. This may take a while...
Ruby LSP> Command: (bundle check || bundle install) 1>&2

[!] There was an error parsing `Gemfile`: 
[!] There was an error parsing `Gemfile`: unexpected fraction part after numeric literal - . Bundler cannot continue.

 #  from D:/Workspaces/Teste-pratico-vagas-QA-Rb/Gemfile:6
 #  -------------------------------------------
 #  gem 'ruby-lsp'
 >  gem 'solargraph', '~> 0.50.0' #  # frozen_string_literal: true
 #  -------------------------------------------
. Bundler cannot continue.

 #  from D:/Workspaces/Teste-pratico-vagas-QA-Rb/.ruby-lsp/Gemfile:4
 #  -------------------------------------------
 #  eval_gemfile(File.expand_path("../Gemfile", __dir__))
 >  gem "debug", require: false, group: :development, platforms: :mri #  # This custom gemfile is automatically generated by the Ruby LSP.
 #  -------------------------------------------

[!] There was an error parsing `Gemfile`: 
[!] There was an error parsing `Gemfile`: unexpected fraction part after numeric literal - . Bundler cannot continue.

 #  from D:/Workspaces/Teste-pratico-vagas-QA-Rb/Gemfile:6
 #  -------------------------------------------
 #  gem 'ruby-lsp'
 >  gem 'solargraph', '~> 0.50.0' #  # frozen_string_literal: true
 #  -------------------------------------------
. Bundler cannot continue.

 #  from D:/Workspaces/Teste-pratico-vagas-QA-Rb/.ruby-lsp/Gemfile:4
 #  -------------------------------------------
 #  eval_gemfile(File.expand_path("../Gemfile", __dir__))
 >  gem "debug", require: false, group: :development, platforms: :mri #  # This custom gemfile is automatically generated by the Ruby LSP.
 #  -------------------------------------------
Ruby LSP> Running bundle install failed. Trying to re-generate the custom bundle from scratch
Ruby LSP> Running bundle install for the custom bundle. This may take a while...
Ruby LSP> Command: (bundle check || bundle install) 1>&2

[!] There was an error parsing `Gemfile`: 
[!] There was an error parsing `Gemfile`: unexpected fraction part after numeric literal - . Bundler cannot continue.

 #  from D:/Workspaces/Teste-pratico-vagas-QA-Rb/Gemfile:6
 #  -------------------------------------------
 #  gem 'ruby-lsp'
 >  gem 'solargraph', '~> 0.50.0' #  # frozen_string_literal: true
 #  -------------------------------------------
. Bundler cannot continue.

 #  from D:/Workspaces/Teste-pratico-vagas-QA-Rb/.ruby-lsp/Gemfile:4
 #  -------------------------------------------
 #  eval_gemfile(File.expand_path("../Gemfile", __dir__))
 >  gem "debug", require: false, group: :development, platforms: :mri #  # This custom gemfile is automatically generated by the Ruby LSP.
 #  -------------------------------------------

[!] There was an error parsing `Gemfile`: 
[!] There was an error parsing `Gemfile`: unexpected fraction part after numeric literal - . Bundler cannot continue.

 #  from D:/Workspaces/Teste-pratico-vagas-QA-Rb/Gemfile:6
 #  -------------------------------------------
 #  gem 'ruby-lsp'
 >  gem 'solargraph', '~> 0.50.0' #  # frozen_string_literal: true
 #  -------------------------------------------
. Bundler cannot continue.

 #  from D:/Workspaces/Teste-pratico-vagas-QA-Rb/.ruby-lsp/Gemfile:4
 #  -------------------------------------------
 #  eval_gemfile(File.expand_path("../Gemfile", __dir__))
 >  gem "debug", require: false, group: :development, platforms: :mri #  # This custom gemfile is automatically generated by the Ruby LSP.
 #  -------------------------------------------
C:/Ruby32-x64/lib/ruby/site_ruby/3.2.0/bundler/dsl.rb:50:in `instance_eval':  (Bundler::Dsl::DSLError)
[!] There was an error parsing `Gemfile`: 
[!] There was an error parsing `Gemfile`: unexpected fraction part after numeric literal - . Bundler cannot continue.

 #  from D:/Workspaces/Teste-pratico-vagas-QA-Rb/Gemfile:6
 #  -------------------------------------------
 #  gem 'ruby-lsp'
 >  gem 'solargraph', '~> 0.50.0' #  # frozen_string_literal: true
 #  -------------------------------------------
. Bundler cannot continue.

 #  from D:/Workspaces/Teste-pratico-vagas-QA-Rb/.ruby-lsp/Gemfile:4
 #  -------------------------------------------
 #  eval_gemfile(File.expand_path("../Gemfile", __dir__))
 >  gem "debug", require: false, group: :development, platforms: :mri #  # This custom gemfile is automatically generated by the Ruby LSP.
 #  -------------------------------------------

	from C:/Ruby32-x64/lib/ruby/site_ruby/3.2.0/bundler/dsl.rb:50:in `eval_gemfile'
	from D:/Workspaces/Teste-pratico-vagas-QA-Rb/.ruby-lsp/Gemfile:4:in `eval_gemfile'
	from C:/Ruby32-x64/lib/ruby/site_ruby/3.2.0/bundler/dsl.rb:50:in `instance_eval'
	from C:/Ruby32-x64/lib/ruby/site_ruby/3.2.0/bundler/dsl.rb:50:in `eval_gemfile'
	from C:/Ruby32-x64/lib/ruby/site_ruby/3.2.0/bundler/dsl.rb:12:in `evaluate'
	from C:/Ruby32-x64/lib/ruby/site_ruby/3.2.0/bundler/definition.rb:38:in `build'
	from C:/Ruby32-x64/lib/ruby/site_ruby/3.2.0/bundler.rb:229:in `definition'
	from C:/Ruby32-x64/lib/ruby/site_ruby/3.2.0/bundler.rb:157:in `setup'
	from C:/Ruby32-x64/lib/ruby/site_ruby/3.2.0/bundler/setup.rb:29:in `block in <top (required)>'
	from C:/Ruby32-x64/lib/ruby/site_ruby/3.2.0/bundler/ui/shell.rb:159:in `with_level'
	from C:/Ruby32-x64/lib/ruby/site_ruby/3.2.0/bundler/ui/shell.rb:111:in `silence'
	from C:/Ruby32-x64/lib/ruby/site_ruby/3.2.0/bundler/setup.rb:29:in `<top (required)>'
	from <internal:C:/Ruby32-x64/lib/ruby/site_ruby/3.2.0/rubygems/core_ext/kernel_require.rb>:136:in `require'
	from <internal:C:/Ruby32-x64/lib/ruby/site_ruby/3.2.0/rubygems/core_ext/kernel_require.rb>:136:in `require'
	from C:/Ruby32-x64/lib/ruby/site_ruby/3.2.0/rubygems.rb:1382:in `<top (required)>'
	from <internal:gem_prelude>:2:in `require'
	from <internal:gem_prelude>:2:in `<internal:gem_prelude>'
C:/Ruby32-x64/lib/ruby/site_ruby/3.2.0/bundler/dsl.rb:50:in `instance_eval':  (Bundler::Dsl::DSLError)
[!] There was an error parsing `Gemfile`: unexpected fraction part after numeric literal - . Bundler cannot continue.

 #  from D:/Workspaces/Teste-pratico-vagas-QA-Rb/Gemfile:6
 #  -------------------------------------------
 #  gem 'ruby-lsp'
 >  gem 'solargraph', '~> 0.50.0' #  # frozen_string_literal: true
 #  -------------------------------------------

	from C:/Ruby32-x64/lib/ruby/site_ruby/3.2.0/bundler/dsl.rb:50:in `eval_gemfile'
	from D:/Workspaces/Teste-pratico-vagas-QA-Rb/.ruby-lsp/Gemfile:4:in `eval_gemfile'
	from C:/Ruby32-x64/lib/ruby/site_ruby/3.2.0/bundler/dsl.rb:50:in `instance_eval'
	from C:/Ruby32-x64/lib/ruby/site_ruby/3.2.0/bundler/dsl.rb:50:in `eval_gemfile'
	from C:/Ruby32-x64/lib/ruby/site_ruby/3.2.0/bundler/dsl.rb:12:in `evaluate'
	from C:/Ruby32-x64/lib/ruby/site_ruby/3.2.0/bundler/definition.rb:38:in `build'
	from C:/Ruby32-x64/lib/ruby/site_ruby/3.2.0/bundler.rb:229:in `definition'
	from C:/Ruby32-x64/lib/ruby/site_ruby/3.2.0/bundler.rb:157:in `setup'
	from C:/Ruby32-x64/lib/ruby/site_ruby/3.2.0/bundler/setup.rb:29:in `block in <top (required)>'
	from C:/Ruby32-x64/lib/ruby/site_ruby/3.2.0/bundler/ui/shell.rb:159:in `with_level'
	from C:/Ruby32-x64/lib/ruby/site_ruby/3.2.0/bundler/ui/shell.rb:111:in `silence'
	from C:/Ruby32-x64/lib/ruby/site_ruby/3.2.0/bundler/setup.rb:29:in `<top (required)>'
	from <internal:C:/Ruby32-x64/lib/ruby/site_ruby/3.2.0/rubygems/core_ext/kernel_require.rb>:136:in `require'
	from <internal:C:/Ruby32-x64/lib/ruby/site_ruby/3.2.0/rubygems/core_ext/kernel_require.rb>:136:in `require'
	from C:/Ruby32-x64/lib/ruby/site_ruby/3.2.0/rubygems.rb:1382:in `<top (required)>'
	from <internal:gem_prelude>:2:in `require'
	from <internal:gem_prelude>:2:in `<internal:gem_prelude>'
C:/Ruby32-x64/lib/ruby/site_ruby/3.2.0/bundler/dsl.rb:50:in `instance_eval': D:/Workspaces/Teste-pratico-vagas-QA-Rb/Gemfile:6: unexpected fraction part after numeric literal (SyntaxError)
  ruby 3.2.4
          ^~

	from C:/Ruby32-x64/lib/ruby/site_ruby/3.2.0/bundler/dsl.rb:50:in `eval_gemfile'
	from D:/Workspaces/Teste-pratico-vagas-QA-Rb/.ruby-lsp/Gemfile:4:in `eval_gemfile'
	from C:/Ruby32-x64/lib/ruby/site_ruby/3.2.0/bundler/dsl.rb:50:in `instance_eval'
	from C:/Ruby32-x64/lib/ruby/site_ruby/3.2.0/bundler/dsl.rb:50:in `eval_gemfile'
	from C:/Ruby32-x64/lib/ruby/site_ruby/3.2.0/bundler/dsl.rb:12:in `evaluate'
	from C:/Ruby32-x64/lib/ruby/site_ruby/3.2.0/bundler/definition.rb:38:in `build'
	from C:/Ruby32-x64/lib/ruby/site_ruby/3.2.0/bundler.rb:229:in `definition'
	from C:/Ruby32-x64/lib/ruby/site_ruby/3.2.0/bundler.rb:157:in `setup'
	from C:/Ruby32-x64/lib/ruby/site_ruby/3.2.0/bundler/setup.rb:29:in `block in <top (required)>'
	from C:/Ruby32-x64/lib/ruby/site_ruby/3.2.0/bundler/ui/shell.rb:159:in `with_level'
	from C:/Ruby32-x64/lib/ruby/site_ruby/3.2.0/bundler/ui/shell.rb:111:in `silence'
	from C:/Ruby32-x64/lib/ruby/site_ruby/3.2.0/bundler/setup.rb:29:in `<top (required)>'
	from <internal:C:/Ruby32-x64/lib/ruby/site_ruby/3.2.0/rubygems/core_ext/kernel_require.rb>:136:in `require'
	from <internal:C:/Ruby32-x64/lib/ruby/site_ruby/3.2.0/rubygems/core_ext/kernel_require.rb>:136:in `require'
	from C:/Ruby32-x64/lib/ruby/site_ruby/3.2.0/rubygems.rb:1382:in `<top (required)>'
	from <internal:gem_prelude>:2:in `require'
	from <internal:gem_prelude>:2:in `<internal:gem_prelude>'
